mode: atomic
mssh/internal/crypto/aes.go:25.49,28.16 3 17
mssh/internal/crypto/aes.go:28.16,30.3 1 3
mssh/internal/crypto/aes.go:31.2,31.15 1 14
mssh/internal/crypto/aes.go:34.70,35.17 1 14
mssh/internal/crypto/aes.go:35.17,38.17 3 9
mssh/internal/crypto/aes.go:38.17,40.4 1 1
mssh/internal/crypto/aes.go:42.2,43.23 2 13
mssh/internal/crypto/aes.go:46.53,48.16 2 8
mssh/internal/crypto/aes.go:48.16,50.3 1 1
mssh/internal/crypto/aes.go:51.2,52.16 2 7
mssh/internal/crypto/aes.go:52.16,54.3 1 1
mssh/internal/crypto/aes.go:55.2,56.16 2 6
mssh/internal/crypto/aes.go:56.16,58.3 1 1
mssh/internal/crypto/aes.go:59.2,61.29 3 5
mssh/internal/crypto/aes.go:64.51,66.16 2 8
mssh/internal/crypto/aes.go:66.16,68.3 1 2
mssh/internal/crypto/aes.go:69.2,70.16 2 6
mssh/internal/crypto/aes.go:70.16,72.3 1 1
mssh/internal/crypto/aes.go:73.2,74.16 2 5
mssh/internal/crypto/aes.go:74.16,76.3 1 1
mssh/internal/crypto/aes.go:77.2,78.33 2 4
mssh/internal/crypto/aes.go:78.33,80.3 1 1
mssh/internal/crypto/aes.go:81.2,83.16 3 3
mssh/internal/crypto/aes.go:83.16,85.3 1 1
mssh/internal/crypto/aes.go:86.2,86.23 1 2
mssh/internal/crypto/keychain_default.go:5.60,5.79 1 1
mssh/internal/crypto/keychain_default.go:7.60,7.74 1 1
mssh/internal/crypto/keychain_default.go:9.53,9.67 1 0
mssh/internal/crypto/keychain_default.go:11.46,11.62 1 1
mssh/internal/crypto/keychain_default.go:13.43,15.2 1 2
mssh/main.go:12.13,20.16 4 0
mssh/main.go:20.16,23.3 2 0
mssh/main.go:25.2,54.29 3 0
mssh/main.go:54.29,56.3 1 0
mssh/main.go:58.2,59.39 2 0
mssh/main.go:59.39,62.3 2 0
mssh/main.go:65.30,67.16 2 0
mssh/main.go:67.16,69.3 1 0
mssh/main.go:70.2,70.24 1 0
mssh/internal/crypto/aes.go:25.49,28.16 3 17
mssh/internal/crypto/aes.go:28.16,30.3 1 3
mssh/internal/crypto/aes.go:31.2,31.15 1 14
mssh/internal/crypto/aes.go:34.70,35.17 1 14
mssh/internal/crypto/aes.go:35.17,38.17 3 9
mssh/internal/crypto/aes.go:38.17,40.4 1 1
mssh/internal/crypto/aes.go:42.2,43.23 2 13
mssh/internal/crypto/aes.go:46.53,48.16 2 8
mssh/internal/crypto/aes.go:48.16,50.3 1 1
mssh/internal/crypto/aes.go:51.2,52.16 2 7
mssh/internal/crypto/aes.go:52.16,54.3 1 1
mssh/internal/crypto/aes.go:55.2,56.16 2 6
mssh/internal/crypto/aes.go:56.16,58.3 1 1
mssh/internal/crypto/aes.go:59.2,61.29 3 5
mssh/internal/crypto/aes.go:64.51,66.16 2 8
mssh/internal/crypto/aes.go:66.16,68.3 1 2
mssh/internal/crypto/aes.go:69.2,70.16 2 6
mssh/internal/crypto/aes.go:70.16,72.3 1 1
mssh/internal/crypto/aes.go:73.2,74.16 2 5
mssh/internal/crypto/aes.go:74.16,76.3 1 1
mssh/internal/crypto/aes.go:77.2,78.33 2 4
mssh/internal/crypto/aes.go:78.33,80.3 1 1
mssh/internal/crypto/aes.go:81.2,83.16 3 3
mssh/internal/crypto/aes.go:83.16,85.3 1 1
mssh/internal/crypto/aes.go:86.2,86.23 1 2
mssh/internal/crypto/keychain_default.go:5.60,5.79 1 1
mssh/internal/crypto/keychain_default.go:7.60,7.74 1 1
mssh/internal/crypto/keychain_default.go:9.53,9.67 1 0
mssh/internal/crypto/keychain_default.go:11.46,11.62 1 1
mssh/internal/crypto/keychain_default.go:13.43,15.2 1 2
mssh/internal/service/testutil/db.go:14.38,20.19 6 0
mssh/internal/service/testutil/db.go:20.19,20.37 1 0
mssh/internal/service/testutil/db.go:21.2,21.11 1 0
mssh/internal/service/testutil/db.go:24.35,26.2 1 0
mssh/internal/ssh/testutil/server.go:12.51,15.2 2 0
mssh/internal/ssh/testutil/server.go:17.60,20.2 2 0
mssh/internal/ssh/testutil/server.go:22.62,25.2 2 0
mssh/internal/ssh/testutil/server.go:27.90,36.12 7 0
mssh/internal/ssh/testutil/server.go:36.12,37.7 1 0
mssh/internal/ssh/testutil/server.go:37.7,39.18 2 0
mssh/internal/ssh/testutil/server.go:39.18,41.5 1 0
mssh/internal/ssh/testutil/server.go:42.4,42.27 1 0
mssh/internal/ssh/testutil/server.go:42.27,45.27 3 0
mssh/internal/ssh/testutil/server.go:45.27,46.39 1 0
mssh/internal/ssh/testutil/server.go:46.39,48.17 2 0
mssh/internal/ssh/testutil/server.go:48.17,49.34 1 0
mssh/internal/ssh/testutil/server.go:49.34,50.25 1 0
mssh/internal/ssh/testutil/server.go:51.22,52.25 1 0
mssh/internal/ssh/testutil/server.go:52.25,54.11 1 0
mssh/internal/ssh/testutil/server.go:54.16,57.11 2 0
mssh/internal/ssh/testutil/server.go:58.24,59.23 1 0
mssh/internal/ssh/testutil/server.go:59.23,61.11 1 0
mssh/internal/ssh/testutil/server.go:61.16,63.11 1 0
mssh/internal/ssh/testutil/server.go:64.17,65.35 1 0
mssh/internal/ssh/testutil/server.go:74.2,74.42 1 0
mssh/internal/ssh/testutil/server.go:74.42,74.66 1 0
mssh/internal/app/app.go:42.67,44.2 1 2
mssh/internal/app/app.go:46.68,48.2 1 3
mssh/internal/app/app.go:52.106,53.28 1 4
mssh/internal/app/app.go:53.28,55.35 2 0
mssh/internal/app/app.go:55.35,58.4 2 0
mssh/internal/app/app.go:59.3,59.17 1 0
mssh/internal/app/app.go:59.17,61.4 1 0
mssh/internal/app/app.go:64.2,66.35 3 4
mssh/internal/app/app.go:66.35,69.3 2 1
mssh/internal/app/app.go:71.2,71.17 1 3
mssh/internal/app/app.go:74.105,75.28 1 3
mssh/internal/app/app.go:75.28,76.65 1 0
mssh/internal/app/app.go:76.65,78.4 1 0
mssh/internal/app/app.go:78.9,80.4 1 0
mssh/internal/app/app.go:83.2,84.58 2 3
mssh/internal/app/app.go:84.58,86.3 1 0
mssh/internal/app/app.go:86.8,88.3 1 3
mssh/internal/app/app.go:91.38,92.24 1 7
mssh/internal/app/app.go:92.24,94.3 1 1
mssh/internal/app/app.go:96.2,97.19 2 6
mssh/internal/app/app.go:97.19,99.3 1 6
mssh/internal/app/app.go:101.2,103.16 3 6
mssh/internal/app/app.go:103.16,106.3 2 0
mssh/internal/app/app.go:108.2,109.42 2 6
mssh/internal/app/app.go:109.42,112.3 2 2
mssh/internal/app/app.go:114.2,118.16 4 4
mssh/internal/app/app.go:118.16,121.3 2 0
mssh/internal/app/app.go:123.2,123.22 1 4
mssh/internal/app/app.go:123.22,126.17 3 3
mssh/internal/app/app.go:126.17,129.4 2 0
mssh/internal/app/app.go:130.3,130.62 1 3
mssh/internal/app/app.go:133.2,164.8 14 4
mssh/internal/app/app.go:167.26,168.17 1 1
mssh/internal/app/app.go:168.17,170.3 1 1
mssh/pkg/event/wails.go:7.40,9.2 1 1
mssh/pkg/event/wails.go:11.64,13.16 2 1
mssh/pkg/event/wails.go:13.16,15.3 1 1
mssh/pkg/event/wails.go:16.2,16.31 1 0
mssh/internal/store/db.go:12.46,16.16 4 40
mssh/internal/store/db.go:16.16,18.3 1 0
mssh/internal/store/db.go:19.2,21.16 3 40
mssh/internal/store/db.go:24.32,98.31 2 39
mssh/internal/store/db.go:98.31,100.17 2 305
mssh/internal/store/db.go:100.17,102.4 1 1
mssh/internal/store/db.go:104.2,104.12 1 38
mssh/internal/store/key.go:11.67,16.16 2 4
mssh/internal/store/key.go:16.16,18.3 1 1
mssh/internal/store/key.go:19.2,20.16 2 3
mssh/internal/store/key.go:20.16,22.3 1 0
mssh/internal/store/key.go:23.2,25.16 3 3
mssh/internal/store/key.go:29.51,31.16 2 4
mssh/internal/store/key.go:31.16,33.3 1 1
mssh/internal/store/key.go:34.2,34.15 1 3
mssh/internal/store/key.go:34.15,34.35 1 3
mssh/internal/store/key.go:35.2,36.18 2 3
mssh/internal/store/key.go:36.18,40.17 4 1
mssh/internal/store/key.go:40.17,42.4 1 0
mssh/internal/store/key.go:43.3,44.17 2 1
mssh/internal/store/key.go:44.17,46.4 1 0
mssh/internal/store/key.go:47.3,47.25 1 1
mssh/internal/store/key.go:49.2,49.17 1 3
mssh/internal/store/key.go:49.17,51.3 1 2
mssh/internal/store/key.go:52.2,52.25 1 3
mssh/internal/store/key.go:55.44,57.16 2 2
mssh/internal/store/key.go:57.16,59.3 1 1
mssh/internal/store/key.go:60.2,60.12 1 1
mssh/internal/store/key.go:63.58,69.16 4 3
mssh/internal/store/key.go:69.16,71.3 1 2
mssh/internal/store/key.go:72.2,73.16 2 1
mssh/internal/store/key.go:73.16,75.3 1 0
mssh/internal/store/key.go:76.2,76.16 1 1
mssh/internal/store/log.go:11.82,14.22 3 5
mssh/internal/store/log.go:14.22,17.3 2 1
mssh/internal/store/log.go:18.2,22.16 2 5
mssh/internal/store/log.go:22.16,24.3 1 0
mssh/internal/store/log.go:25.2,26.16 2 5
mssh/internal/store/log.go:26.16,28.3 1 0
mssh/internal/store/log.go:29.2,30.16 2 5
mssh/internal/store/log.go:33.62,35.16 2 6
mssh/internal/store/log.go:35.16,37.3 1 0
mssh/internal/store/log.go:38.2,38.15 1 6
mssh/internal/store/log.go:38.15,38.35 1 6
mssh/internal/store/log.go:39.2,40.18 2 6
mssh/internal/store/log.go:40.18,45.17 5 4
mssh/internal/store/log.go:45.17,47.4 1 0
mssh/internal/store/log.go:48.3,49.17 2 4
mssh/internal/store/log.go:49.17,51.4 1 0
mssh/internal/store/log.go:52.3,52.21 1 4
mssh/internal/store/log.go:52.21,54.18 2 1
mssh/internal/store/log.go:54.18,56.5 1 0
mssh/internal/store/log.go:57.4,57.18 1 1
mssh/internal/store/log.go:59.3,59.25 1 4
mssh/internal/store/log.go:61.2,61.17 1 6
mssh/internal/store/log.go:61.17,63.3 1 2
mssh/internal/store/log.go:64.2,64.25 1 6
mssh/internal/store/log.go:67.61,70.22 3 1
mssh/internal/store/log.go:70.22,73.3 2 0
mssh/internal/store/log.go:74.2,78.16 2 1
mssh/internal/store/log.go:78.16,80.3 1 0
mssh/internal/store/log.go:81.2,81.12 1 1
mssh/internal/store/log.go:84.51,86.16 2 1
mssh/internal/store/log.go:86.16,88.3 1 0
mssh/internal/store/log.go:89.2,89.12 1 1
mssh/internal/store/macro.go:11.67,16.16 2 4
mssh/internal/store/macro.go:16.16,18.3 1 1
mssh/internal/store/macro.go:19.2,20.16 2 3
mssh/internal/store/macro.go:20.16,22.3 1 0
mssh/internal/store/macro.go:23.2,25.16 3 3
mssh/internal/store/macro.go:29.52,31.16 2 5
mssh/internal/store/macro.go:31.16,33.3 1 1
mssh/internal/store/macro.go:34.2,34.15 1 4
mssh/internal/store/macro.go:34.15,34.35 1 4
mssh/internal/store/macro.go:35.2,36.18 2 4
mssh/internal/store/macro.go:36.18,40.17 4 2
mssh/internal/store/macro.go:40.17,42.4 1 0
mssh/internal/store/macro.go:43.3,44.17 2 2
mssh/internal/store/macro.go:44.17,46.4 1 0
mssh/internal/store/macro.go:47.3,47.29 1 2
mssh/internal/store/macro.go:49.2,49.19 1 4
mssh/internal/store/macro.go:49.19,51.3 1 2
mssh/internal/store/macro.go:52.2,52.27 1 4
mssh/internal/store/macro.go:55.51,60.16 2 2
mssh/internal/store/macro.go:60.16,62.3 1 1
mssh/internal/store/macro.go:63.2,63.12 1 1
mssh/internal/store/macro.go:66.46,68.16 2 2
mssh/internal/store/macro.go:68.16,70.3 1 1
mssh/internal/store/macro.go:71.2,71.12 1 1
mssh/internal/store/session.go:11.91,16.16 2 5
mssh/internal/store/session.go:16.16,18.3 1 1
mssh/internal/store/session.go:19.2,20.16 2 4
mssh/internal/store/session.go:20.16,22.3 1 0
mssh/internal/store/session.go:23.2,23.120 1 4
mssh/internal/store/session.go:26.61,30.16 2 6
mssh/internal/store/session.go:30.16,32.3 1 1
mssh/internal/store/session.go:33.2,35.18 3 5
mssh/internal/store/session.go:35.18,39.17 4 3
mssh/internal/store/session.go:39.17,41.4 1 0
mssh/internal/store/session.go:42.3,43.17 2 3
mssh/internal/store/session.go:43.17,45.4 1 0
mssh/internal/store/session.go:46.3,47.17 2 3
mssh/internal/store/session.go:47.17,49.4 1 0
mssh/internal/store/session.go:50.3,50.31 1 3
mssh/internal/store/session.go:52.2,52.20 1 5
mssh/internal/store/session.go:52.20,54.3 1 2
mssh/internal/store/session.go:55.2,55.28 1 5
mssh/internal/store/session.go:58.60,63.16 2 2
mssh/internal/store/session.go:63.16,65.3 1 1
mssh/internal/store/session.go:66.2,66.12 1 1
mssh/internal/store/session.go:69.47,71.16 2 2
mssh/internal/store/session.go:71.16,73.3 1 1
mssh/internal/store/session.go:74.2,74.12 1 1
mssh/internal/store/session.go:77.73,83.16 2 10
mssh/internal/store/session.go:83.16,85.3 1 1
mssh/internal/store/session.go:86.2,87.16 2 9
mssh/internal/store/session.go:87.16,89.3 1 0
mssh/internal/store/session.go:90.2,93.16 4 9
mssh/internal/store/session.go:96.73,99.21 3 6
mssh/internal/store/session.go:99.21,104.3 1 1
mssh/internal/store/session.go:104.8,109.3 1 5
mssh/internal/store/session.go:110.2,110.16 1 6
mssh/internal/store/session.go:110.16,112.3 1 1
mssh/internal/store/session.go:113.2,115.18 3 5
mssh/internal/store/session.go:115.18,119.17 4 4
mssh/internal/store/session.go:119.17,121.4 1 0
mssh/internal/store/session.go:122.3,123.17 2 4
mssh/internal/store/session.go:123.17,125.4 1 0
mssh/internal/store/session.go:126.3,127.17 2 4
mssh/internal/store/session.go:127.17,129.4 1 0
mssh/internal/store/session.go:130.3,130.33 1 4
mssh/internal/store/session.go:132.2,132.21 1 5
mssh/internal/store/session.go:132.21,134.3 1 1
mssh/internal/store/session.go:135.2,135.29 1 5
mssh/internal/store/session.go:138.55,144.16 2 2
mssh/internal/store/session.go:144.16,146.3 1 1
mssh/internal/store/session.go:147.2,147.12 1 1
mssh/internal/store/session.go:150.48,152.16 2 2
mssh/internal/store/session.go:152.16,154.3 1 1
mssh/internal/store/session.go:155.2,155.12 1 1
mssh/internal/store/session.go:158.63,165.16 4 4
mssh/internal/store/session.go:165.16,167.3 1 2
mssh/internal/store/session.go:168.2,169.16 2 2
mssh/internal/store/session.go:169.16,171.3 1 0
mssh/internal/store/session.go:172.2,173.16 2 2
mssh/internal/store/session.go:173.16,175.3 1 0
mssh/internal/store/session.go:176.2,176.16 1 2
mssh/internal/store/session.go:179.65,184.16 2 2
mssh/internal/store/session.go:184.16,186.3 1 1
mssh/internal/store/session.go:187.2,187.12 1 1
mssh/internal/store/session.go:190.66,195.16 2 2
mssh/internal/store/session.go:195.16,197.3 1 1
mssh/internal/store/session.go:198.2,198.12 1 1
mssh/internal/store/setting.go:8.57,11.26 3 3
mssh/internal/store/setting.go:11.26,13.3 1 1
mssh/internal/store/setting.go:14.2,14.16 1 2
mssh/internal/store/setting.go:14.16,16.3 1 1
mssh/internal/store/setting.go:17.2,17.19 1 1
mssh/internal/store/setting.go:20.54,25.16 2 2
mssh/internal/store/setting.go:25.16,27.3 1 1
mssh/internal/store/setting.go:28.2,28.12 1 1
mssh/internal/store/theme.go:11.67,16.16 2 4
mssh/internal/store/theme.go:16.16,18.3 1 1
mssh/internal/store/theme.go:19.2,20.16 2 3
mssh/internal/store/theme.go:20.16,22.3 1 0
mssh/internal/store/theme.go:23.2,25.16 3 3
mssh/internal/store/theme.go:28.52,30.16 2 5
mssh/internal/store/theme.go:30.16,32.3 1 1
mssh/internal/store/theme.go:33.2,33.15 1 4
mssh/internal/store/theme.go:33.15,33.35 1 4
mssh/internal/store/theme.go:34.2,35.18 2 4
mssh/internal/store/theme.go:35.18,39.17 4 2
mssh/internal/store/theme.go:39.17,41.4 1 0
mssh/internal/store/theme.go:42.3,43.17 2 2
mssh/internal/store/theme.go:43.17,45.4 1 0
mssh/internal/store/theme.go:46.3,46.29 1 2
mssh/internal/store/theme.go:48.2,48.19 1 4
mssh/internal/store/theme.go:48.19,50.3 1 2
mssh/internal/store/theme.go:51.2,51.27 1 4
mssh/internal/store/theme.go:54.51,59.16 2 2
mssh/internal/store/theme.go:59.16,61.3 1 1
mssh/internal/store/theme.go:62.2,62.12 1 1
mssh/internal/store/theme.go:65.46,67.16 2 2
mssh/internal/store/theme.go:67.16,69.3 1 1
mssh/internal/store/theme.go:70.2,70.12 1 1
mssh/internal/store/tunnel.go:11.70,16.16 2 4
mssh/internal/store/tunnel.go:16.16,18.3 1 1
mssh/internal/store/tunnel.go:19.2,20.16 2 3
mssh/internal/store/tunnel.go:20.16,22.3 1 0
mssh/internal/store/tunnel.go:23.2,25.16 3 3
mssh/internal/store/tunnel.go:28.54,30.16 2 5
mssh/internal/store/tunnel.go:30.16,32.3 1 1
mssh/internal/store/tunnel.go:33.2,33.15 1 4
mssh/internal/store/tunnel.go:33.15,33.35 1 4
mssh/internal/store/tunnel.go:34.2,35.18 2 4
mssh/internal/store/tunnel.go:35.18,39.17 4 2
mssh/internal/store/tunnel.go:39.17,41.4 1 0
mssh/internal/store/tunnel.go:42.3,43.17 2 2
mssh/internal/store/tunnel.go:43.17,45.4 1 0
mssh/internal/store/tunnel.go:46.3,46.31 1 2
mssh/internal/store/tunnel.go:48.2,48.20 1 4
mssh/internal/store/tunnel.go:48.20,50.3 1 2
mssh/internal/store/tunnel.go:51.2,51.28 1 4
mssh/internal/store/tunnel.go:54.53,59.16 2 2
mssh/internal/store/tunnel.go:59.16,61.3 1 1
mssh/internal/store/tunnel.go:62.2,62.12 1 1
mssh/internal/store/tunnel.go:65.47,67.16 2 2
mssh/internal/store/tunnel.go:67.16,69.3 1 1
mssh/internal/store/tunnel.go:70.2,70.12 1 1
mssh/internal/crypto/aes.go:25.49,28.16 3 17
mssh/internal/crypto/aes.go:28.16,30.3 1 3
mssh/internal/crypto/aes.go:31.2,31.15 1 14
mssh/internal/crypto/aes.go:34.70,35.17 1 14
mssh/internal/crypto/aes.go:35.17,38.17 3 9
mssh/internal/crypto/aes.go:38.17,40.4 1 1
mssh/internal/crypto/aes.go:42.2,43.23 2 13
mssh/internal/crypto/aes.go:46.53,48.16 2 8
mssh/internal/crypto/aes.go:48.16,50.3 1 1
mssh/internal/crypto/aes.go:51.2,52.16 2 7
mssh/internal/crypto/aes.go:52.16,54.3 1 1
mssh/internal/crypto/aes.go:55.2,56.16 2 6
mssh/internal/crypto/aes.go:56.16,58.3 1 1
mssh/internal/crypto/aes.go:59.2,61.29 3 5
mssh/internal/crypto/aes.go:64.51,66.16 2 8
mssh/internal/crypto/aes.go:66.16,68.3 1 2
mssh/internal/crypto/aes.go:69.2,70.16 2 6
mssh/internal/crypto/aes.go:70.16,72.3 1 1
mssh/internal/crypto/aes.go:73.2,74.16 2 5
mssh/internal/crypto/aes.go:74.16,76.3 1 1
mssh/internal/crypto/aes.go:77.2,78.33 2 4
mssh/internal/crypto/aes.go:78.33,80.3 1 1
mssh/internal/crypto/aes.go:81.2,83.16 3 3
mssh/internal/crypto/aes.go:83.16,85.3 1 1
mssh/internal/crypto/aes.go:86.2,86.23 1 2
mssh/internal/crypto/keychain_default.go:5.60,5.79 1 1
mssh/internal/crypto/keychain_default.go:7.60,7.74 1 1
mssh/internal/crypto/keychain_default.go:9.53,9.67 1 0
mssh/internal/crypto/keychain_default.go:11.46,11.62 1 1
mssh/internal/crypto/keychain_default.go:13.43,15.2 1 2
mssh/internal/service/file.go:22.100,29.2 1 18
mssh/internal/service/file.go:31.86,34.16 3 6
mssh/internal/service/file.go:34.16,37.3 2 2
mssh/internal/service/file.go:38.2,41.16 3 4
mssh/internal/service/file.go:41.16,44.3 2 1
mssh/internal/service/file.go:45.2,47.38 2 3
mssh/internal/service/file.go:50.93,60.16 8 3
mssh/internal/service/file.go:60.16,65.3 4 1
mssh/internal/service/file.go:67.2,67.12 1 2
mssh/internal/service/file.go:67.12,73.21 5 2
mssh/internal/service/file.go:73.21,76.4 2 2
mssh/internal/service/file.go:77.3,80.93 3 0
mssh/internal/service/file.go:80.93,82.4 1 0
mssh/internal/service/file.go:84.3,84.23 1 0
mssh/internal/service/file.go:84.23,87.4 2 0
mssh/internal/service/file.go:88.3,88.103 1 0
mssh/internal/service/file.go:91.2,91.20 1 2
mssh/internal/service/file.go:94.95,104.16 8 2
mssh/internal/service/file.go:104.16,108.3 3 1
mssh/internal/service/file.go:110.2,110.12 1 1
mssh/internal/service/file.go:110.12,116.21 5 1
mssh/internal/service/file.go:116.21,119.4 2 1
mssh/internal/service/file.go:120.3,122.97 2 0
mssh/internal/service/file.go:122.97,124.4 1 0
mssh/internal/service/file.go:126.3,126.25 1 0
mssh/internal/service/file.go:126.25,129.4 2 0
mssh/internal/service/file.go:130.3,130.103 1 0
mssh/internal/service/file.go:133.2,133.20 1 1
mssh/internal/service/file.go:136.59,140.9 4 2
mssh/internal/service/file.go:140.9,143.3 2 1
mssh/internal/service/file.go:144.2,147.12 4 1
mssh/internal/service/file.go:150.66,152.16 2 4
mssh/internal/service/file.go:152.16,154.3 1 2
mssh/internal/service/file.go:155.2,158.16 3 2
mssh/internal/service/file.go:158.16,160.3 1 1
mssh/internal/service/file.go:161.2,163.41 2 1
mssh/internal/service/file.go:166.65,168.16 2 4
mssh/internal/service/file.go:168.16,170.3 1 2
mssh/internal/service/file.go:171.2,174.16 3 2
mssh/internal/service/file.go:174.16,176.3 1 1
mssh/internal/service/file.go:177.2,179.36 2 1
mssh/internal/service/file.go:182.78,184.16 2 4
mssh/internal/service/file.go:184.16,186.3 1 2
mssh/internal/service/file.go:187.2,190.16 3 2
mssh/internal/service/file.go:190.16,192.3 1 1
mssh/internal/service/file.go:193.2,195.49 2 1
mssh/internal/service/file.go:198.84,201.16 3 23
mssh/internal/service/file.go:201.16,203.3 1 10
mssh/internal/service/file.go:205.2,206.16 2 13
mssh/internal/service/file.go:206.16,209.3 2 0
mssh/internal/service/file.go:211.2,211.29 1 13
mssh/internal/service/file.go:214.49,216.2 1 13
mssh/internal/service/file.go:218.49,222.2 3 5
mssh/internal/service/file.go:224.79,226.15 2 2
mssh/internal/service/file.go:226.15,228.3 1 1
mssh/internal/service/file.go:229.2,232.4 1 2
mssh/internal/service/file.go:235.54,237.16 2 2
mssh/internal/service/file.go:237.16,239.3 1 1
mssh/internal/service/file.go:240.2,240.20 1 1
mssh/internal/service/key.go:32.83,34.2 1 21
mssh/internal/service/key.go:36.53,39.2 2 4
mssh/internal/service/key.go:41.100,47.17 5 11
mssh/internal/service/key.go:48.24,49.51 1 3
mssh/internal/service/key.go:50.28,51.49 1 6
mssh/internal/service/key.go:52.26,53.47 1 1
mssh/internal/service/key.go:54.10,55.75 1 1
mssh/internal/service/key.go:57.2,57.16 1 10
mssh/internal/service/key.go:57.16,59.3 1 0
mssh/internal/service/key.go:61.2,62.16 2 10
mssh/internal/service/key.go:62.16,64.3 1 1
mssh/internal/service/key.go:66.2,72.35 2 9
mssh/internal/service/key.go:75.80,78.16 3 8
mssh/internal/service/key.go:78.16,80.3 1 3
mssh/internal/service/key.go:82.2,83.16 2 5
mssh/internal/service/key.go:83.16,85.3 1 1
mssh/internal/service/key.go:87.2,93.35 2 4
mssh/internal/service/key.go:96.45,99.2 2 2
mssh/internal/service/key.go:101.64,103.16 2 2
mssh/internal/service/key.go:103.16,105.3 1 1
mssh/internal/service/key.go:106.2,106.27 1 1
mssh/internal/service/key.go:109.81,110.15 1 3
mssh/internal/service/key.go:110.15,112.3 1 1
mssh/internal/service/key.go:113.2,114.16 2 3
mssh/internal/service/key.go:114.16,116.3 1 0
mssh/internal/service/key.go:117.2,118.16 2 3
mssh/internal/service/key.go:118.16,120.3 1 0
mssh/internal/service/key.go:121.2,123.19 3 3
mssh/internal/service/key.go:123.19,125.3 1 0
mssh/internal/service/key.go:126.2,127.29 2 3
mssh/internal/service/key.go:130.75,132.16 2 6
mssh/internal/service/key.go:132.16,134.3 1 0
mssh/internal/service/key.go:135.2,136.16 2 6
mssh/internal/service/key.go:136.16,138.3 1 0
mssh/internal/service/key.go:139.2,141.19 3 6
mssh/internal/service/key.go:141.19,143.3 1 0
mssh/internal/service/key.go:144.2,145.29 2 6
mssh/internal/service/key.go:148.73,150.16 2 1
mssh/internal/service/key.go:150.16,152.3 1 0
mssh/internal/service/key.go:153.2,154.16 2 1
mssh/internal/service/key.go:154.16,156.3 1 0
mssh/internal/service/key.go:157.2,159.19 3 1
mssh/internal/service/key.go:159.19,161.3 1 0
mssh/internal/service/key.go:162.2,163.29 2 1
mssh/internal/service/key.go:166.77,169.2 2 3
mssh/internal/service/key.go:171.100,173.18 2 16
mssh/internal/service/key.go:173.18,175.3 1 3
mssh/internal/service/key.go:176.2,179.20 4 13
mssh/internal/service/key.go:180.25,182.29 2 2
mssh/internal/service/key.go:183.24,185.31 2 2
mssh/internal/service/key.go:186.21,188.20 2 7
mssh/internal/service/key.go:189.24,190.30 1 1
mssh/internal/service/key.go:191.27,192.34 1 5
mssh/internal/service/key.go:193.26,194.32 1 1
mssh/internal/service/key.go:195.11,196.63 1 0
mssh/internal/service/key.go:198.10,199.68 1 2
mssh/internal/service/key.go:201.2,201.16 1 11
mssh/internal/service/key.go:201.16,203.3 1 0
mssh/internal/service/key.go:205.2,206.16 2 11
mssh/internal/service/key.go:206.16,208.3 1 0
mssh/internal/service/key.go:209.2,209.77 1 11
mssh/internal/service/log.go:22.65,28.2 1 15
mssh/internal/service/log.go:30.73,32.16 2 7
mssh/internal/service/log.go:32.16,34.3 1 0
mssh/internal/service/log.go:35.2,35.22 1 7
mssh/internal/service/log.go:35.22,37.3 1 5
mssh/internal/service/log.go:38.2,39.27 2 2
mssh/internal/service/log.go:39.27,40.59 1 2
mssh/internal/service/log.go:40.59,42.4 1 1
mssh/internal/service/log.go:44.2,44.21 1 2
mssh/internal/service/log.go:44.21,46.3 1 1
mssh/internal/service/log.go:47.2,47.22 1 2
mssh/internal/service/log.go:50.112,53.16 3 10
mssh/internal/service/log.go:53.16,55.3 1 1
mssh/internal/service/log.go:57.2,62.16 3 9
mssh/internal/service/log.go:62.16,66.3 3 1
mssh/internal/service/log.go:68.2,72.24 4 8
mssh/internal/service/log.go:75.55,79.8 4 5
mssh/internal/service/log.go:79.8,81.3 1 3
mssh/internal/service/log.go:82.2,84.9 2 5
mssh/internal/service/log.go:84.9,86.3 1 2
mssh/internal/service/log.go:88.2,88.25 1 3
mssh/internal/service/log.go:91.69,93.2 1 2
mssh/internal/service/log.go:95.45,98.16 3 3
mssh/internal/service/log.go:98.16,100.3 1 0
mssh/internal/service/log.go:102.2,103.27 2 3
mssh/internal/service/log.go:103.27,104.19 1 2
mssh/internal/service/log.go:104.19,106.9 2 2
mssh/internal/service/log.go:110.2,110.57 1 3
mssh/internal/service/log.go:110.57,112.3 1 0
mssh/internal/service/log.go:114.2,114.20 1 3
mssh/internal/service/log.go:114.20,116.3 1 2
mssh/internal/service/log.go:118.2,118.12 1 3
mssh/internal/service/macro.go:18.97,20.2 1 8
mssh/internal/service/macro.go:22.54,24.2 1 5
mssh/internal/service/macro.go:26.72,29.2 2 3
mssh/internal/service/macro.go:31.56,34.2 2 1
mssh/internal/service/macro.go:36.47,39.2 2 1
mssh/internal/service/macro.go:41.66,43.24 2 3
mssh/internal/service/macro.go:43.24,45.3 1 1
mssh/internal/service/macro.go:46.2,47.16 2 2
mssh/internal/service/macro.go:47.16,49.3 1 1
mssh/internal/service/macro.go:50.2,50.12 1 1
mssh/internal/service/session.go:37.123,46.2 1 63
mssh/internal/service/session.go:48.71,51.2 2 4
mssh/internal/service/session.go:53.99,56.16 3 1
mssh/internal/service/session.go:56.16,58.3 1 0
mssh/internal/service/session.go:59.2,59.20 1 1
mssh/internal/service/session.go:62.68,65.16 3 1
mssh/internal/service/session.go:65.16,67.3 1 0
mssh/internal/service/session.go:68.2,68.12 1 1
mssh/internal/service/session.go:71.55,74.16 3 1
mssh/internal/service/session.go:74.16,76.3 1 0
mssh/internal/service/session.go:77.2,77.12 1 1
mssh/internal/service/session.go:80.73,83.16 3 1
mssh/internal/service/session.go:83.16,85.3 1 0
mssh/internal/service/session.go:86.2,86.12 1 1
mssh/internal/service/session.go:89.81,92.2 2 4
mssh/internal/service/session.go:94.87,97.16 3 34
mssh/internal/service/session.go:97.16,99.3 1 0
mssh/internal/service/session.go:100.2,100.20 1 34
mssh/internal/service/session.go:103.69,106.16 3 1
mssh/internal/service/session.go:106.16,108.3 1 0
mssh/internal/service/session.go:109.2,109.12 1 1
mssh/internal/service/session.go:112.56,115.16 3 1
mssh/internal/service/session.go:115.16,117.3 1 0
mssh/internal/service/session.go:118.2,118.12 1 1
mssh/internal/service/session.go:121.74,124.16 3 1
mssh/internal/service/session.go:124.16,126.3 1 0
mssh/internal/service/session.go:127.2,127.12 1 1
mssh/internal/service/session.go:130.71,133.2 2 11
mssh/internal/service/session.go:135.88,138.16 3 40
mssh/internal/service/session.go:138.16,141.3 2 12
mssh/internal/service/session.go:143.2,144.16 2 28
mssh/internal/service/session.go:144.16,147.3 2 0
mssh/internal/service/session.go:149.2,150.21 2 28
mssh/internal/service/session.go:150.21,152.3 1 1
mssh/internal/service/session.go:154.2,155.16 2 28
mssh/internal/service/session.go:155.16,158.3 2 1
mssh/internal/service/session.go:160.2,172.24 7 27
mssh/internal/service/session.go:175.62,179.9 4 19
mssh/internal/service/session.go:179.9,183.3 3 3
mssh/internal/service/session.go:184.2,195.12 6 16
mssh/internal/service/session.go:198.86,202.9 4 27
mssh/internal/service/session.go:202.9,204.3 1 2
mssh/internal/service/session.go:205.2,205.21 1 25
mssh/internal/service/session.go:208.48,212.2 3 2
mssh/internal/service/session.go:214.92,217.25 2 35
mssh/internal/service/session.go:218.26,219.59 1 29
mssh/internal/service/session.go:220.21,221.24 1 3
mssh/internal/service/session.go:221.24,223.18 2 3
mssh/internal/service/session.go:223.18,224.89 1 2
mssh/internal/service/session.go:224.89,226.6 1 1
mssh/internal/service/session.go:229.37,231.87 1 1
mssh/internal/service/session.go:231.87,233.28 2 0
mssh/internal/service/session.go:233.28,235.6 1 0
mssh/internal/service/session.go:236.5,236.24 1 0
mssh/internal/service/session.go:239.23,241.23 2 1
mssh/internal/service/session.go:241.23,243.4 1 1
mssh/internal/service/session.go:244.3,245.17 2 0
mssh/internal/service/session.go:245.17,247.4 1 0
mssh/internal/service/session.go:248.3,250.17 3 0
mssh/internal/service/session.go:250.17,252.4 1 0
mssh/internal/service/session.go:253.3,253.58 1 0
mssh/internal/service/session.go:256.2,256.21 1 34
mssh/internal/service/session.go:259.34,263.2 3 32
mssh/internal/service/setting.go:15.73,17.2 1 1
mssh/internal/service/setting.go:19.65,22.2 2 2
mssh/internal/service/setting.go:24.62,27.2 2 1
mssh/internal/service/sync.go:19.67,21.2 1 12
mssh/internal/service/sync.go:29.49,32.16 3 4
mssh/internal/service/sync.go:32.16,34.3 1 1
mssh/internal/service/sync.go:35.2,36.16 2 3
mssh/internal/service/sync.go:36.16,38.3 1 0
mssh/internal/service/sync.go:39.2,40.16 2 3
mssh/internal/service/sync.go:40.16,42.3 1 0
mssh/internal/service/sync.go:44.2,51.16 3 3
mssh/internal/service/sync.go:51.16,53.3 1 1
mssh/internal/service/sync.go:54.2,56.59 2 2
mssh/internal/service/sync.go:56.59,58.3 1 0
mssh/internal/service/sync.go:59.2,59.12 1 2
mssh/internal/service/sync.go:62.49,65.16 3 5
mssh/internal/service/sync.go:65.16,67.3 1 1
mssh/internal/service/sync.go:68.2,71.60 3 4
mssh/internal/service/sync.go:71.60,73.3 1 1
mssh/internal/service/sync.go:75.2,75.37 1 3
mssh/internal/service/sync.go:75.37,78.64 3 2
mssh/internal/service/sync.go:78.64,80.4 1 1
mssh/internal/service/sync.go:82.2,82.32 1 2
mssh/internal/service/sync.go:82.32,85.59 3 1
mssh/internal/service/sync.go:85.59,87.4 1 0
mssh/internal/service/sync.go:89.2,89.36 1 2
mssh/internal/service/sync.go:89.36,92.63 3 1
mssh/internal/service/sync.go:92.63,94.4 1 0
mssh/internal/service/sync.go:97.2,97.12 1 2
mssh/internal/service/sync.go:100.43,102.2 1 1
mssh/internal/service/sync.go:104.45,106.2 1 1
mssh/internal/service/terminal.go:28.123,29.18 1 9
mssh/internal/service/terminal.go:29.18,31.3 1 1
mssh/internal/service/terminal.go:32.2,39.3 1 9
mssh/internal/service/terminal.go:42.102,45.16 3 9
mssh/internal/service/terminal.go:45.16,48.3 2 1
mssh/internal/service/terminal.go:50.2,51.16 2 8
mssh/internal/service/terminal.go:51.16,54.3 2 0
mssh/internal/service/terminal.go:56.2,57.16 2 8
mssh/internal/service/terminal.go:57.16,60.3 2 0
mssh/internal/service/terminal.go:62.2,63.20 2 8
mssh/internal/service/terminal.go:63.20,65.3 1 1
mssh/internal/service/terminal.go:67.2,68.16 2 8
mssh/internal/service/terminal.go:68.16,71.3 2 0
mssh/internal/service/terminal.go:73.2,75.40 2 8
mssh/internal/service/terminal.go:75.40,80.3 1 8
mssh/internal/service/terminal.go:82.2,83.30 2 8
mssh/internal/service/terminal.go:83.30,85.3 1 1
mssh/internal/service/terminal.go:86.2,91.24 5 8
mssh/internal/service/terminal.go:94.78,99.9 5 5
mssh/internal/service/terminal.go:99.9,101.3 1 3
mssh/internal/service/terminal.go:103.2,107.24 4 2
mssh/internal/service/terminal.go:110.75,115.9 5 2
mssh/internal/service/terminal.go:115.9,117.3 1 1
mssh/internal/service/terminal.go:119.2,123.31 4 1
mssh/internal/service/terminal.go:126.58,130.9 4 2
mssh/internal/service/terminal.go:130.9,134.3 3 1
mssh/internal/service/terminal.go:135.2,149.12 8 1
mssh/internal/service/terminal.go:152.39,156.2 3 11
mssh/internal/service/terminal.go:158.38,163.33 4 2
mssh/internal/service/terminal.go:163.33,164.37 1 6
mssh/internal/service/terminal.go:164.37,168.4 3 3
mssh/internal/service/terminal.go:171.2,171.20 1 2
mssh/internal/service/terminal.go:171.20,173.3 1 0
mssh/internal/service/terminal.go:175.2,179.23 4 2
mssh/internal/service/terminal.go:179.23,181.3 1 1
mssh/internal/service/terminal.go:183.2,183.39 1 2
mssh/internal/service/theme.go:16.69,18.2 1 6
mssh/internal/service/theme.go:20.54,22.2 1 4
mssh/internal/service/theme.go:24.72,27.2 2 2
mssh/internal/service/theme.go:29.56,32.2 2 1
mssh/internal/service/theme.go:34.47,37.2 2 1
mssh/internal/service/theme.go:39.52,42.2 2 3
mssh/internal/service/theme.go:44.56,47.2 2 3
mssh/internal/service/tunnel.go:31.116,39.2 1 11
mssh/internal/service/tunnel.go:41.56,43.2 1 5
mssh/internal/service/tunnel.go:45.76,48.2 2 7
mssh/internal/service/tunnel.go:50.59,53.2 2 1
mssh/internal/service/tunnel.go:55.48,58.36 3 2
mssh/internal/service/tunnel.go:58.36,61.26 3 1
mssh/internal/service/tunnel.go:61.26,63.4 1 1
mssh/internal/service/tunnel.go:64.8,66.3 1 1
mssh/internal/service/tunnel.go:67.2,67.37 1 2
mssh/internal/service/tunnel.go:70.53,73.38 3 6
mssh/internal/service/tunnel.go:73.38,76.3 2 1
mssh/internal/service/tunnel.go:77.2,80.16 3 5
mssh/internal/service/tunnel.go:80.16,82.3 1 0
mssh/internal/service/tunnel.go:84.2,85.24 2 5
mssh/internal/service/tunnel.go:85.24,86.31 1 4
mssh/internal/service/tunnel.go:86.31,88.9 2 4
mssh/internal/service/tunnel.go:91.2,91.18 1 5
mssh/internal/service/tunnel.go:91.18,93.3 1 1
mssh/internal/service/tunnel.go:95.2,97.16 3 4
mssh/internal/service/tunnel.go:97.16,99.3 1 1
mssh/internal/service/tunnel.go:101.2,102.16 2 3
mssh/internal/service/tunnel.go:102.16,105.3 2 0
mssh/internal/service/tunnel.go:107.2,107.27 1 3
mssh/internal/service/tunnel.go:107.27,109.3 1 0
mssh/internal/service/tunnel.go:110.2,110.28 1 3
mssh/internal/service/tunnel.go:110.28,112.3 1 3
mssh/internal/service/tunnel.go:114.2,123.16 3 3
mssh/internal/service/tunnel.go:123.16,126.3 2 0
mssh/internal/service/tunnel.go:128.2,141.12 5 3
mssh/internal/service/tunnel.go:144.52,148.9 4 2
mssh/internal/service/tunnel.go:148.9,151.3 2 1
mssh/internal/service/tunnel.go:152.2,155.25 3 1
mssh/internal/service/tunnel.go:155.25,157.3 1 1
mssh/internal/service/tunnel.go:159.2,164.12 2 1
mssh/internal/ssh/client.go:25.145,26.19 1 59
mssh/internal/ssh/client.go:26.19,28.3 1 0
mssh/internal/ssh/client.go:30.2,33.16 3 59
mssh/internal/ssh/client.go:33.16,36.3 2 0
mssh/internal/ssh/client.go:38.2,47.16 5 59
mssh/internal/ssh/client.go:47.16,50.3 2 1
mssh/internal/ssh/client.go:51.2,52.16 2 58
mssh/internal/ssh/client.go:52.16,56.3 3 1
mssh/internal/ssh/client.go:57.2,62.19 5 57
mssh/internal/ssh/client.go:62.19,64.3 1 55
mssh/internal/ssh/client.go:65.2,68.16 3 57
mssh/internal/ssh/client.go:71.39,74.2 2 60
mssh/internal/ssh/client.go:76.85,80.6 4 57
mssh/internal/ssh/client.go:80.6,81.10 1 58
mssh/internal/ssh/client.go:82.19,84.18 2 1
mssh/internal/ssh/client.go:84.18,87.23 3 0
mssh/internal/ssh/client.go:87.23,91.6 3 0
mssh/internal/ssh/client.go:92.10,94.5 1 1
mssh/internal/ssh/client.go:95.32,96.10 1 57
mssh/internal/ssh/client.go:101.82,102.26 1 61
mssh/internal/ssh/client.go:102.26,104.3 1 59
mssh/internal/ssh/client.go:106.2,106.59 1 2
mssh/internal/ssh/client.go:106.59,108.49 2 2
mssh/internal/ssh/client.go:108.49,110.4 1 0
mssh/internal/ssh/client.go:111.3,112.17 2 2
mssh/internal/ssh/client.go:112.17,114.4 1 0
mssh/internal/ssh/client.go:115.3,115.16 1 2
mssh/internal/ssh/client.go:118.2,119.16 2 2
mssh/internal/ssh/client.go:119.16,121.3 1 0
mssh/internal/ssh/client.go:123.2,123.75 1 2
mssh/internal/ssh/client.go:123.75,125.17 2 1
mssh/internal/ssh/client.go:125.17,127.4 1 0
mssh/internal/ssh/client.go:128.3,129.55 2 1
mssh/internal/ssh/client.go:129.55,132.19 3 1
mssh/internal/ssh/client.go:132.19,134.5 1 0
mssh/internal/ssh/client.go:135.4,137.15 3 1
mssh/internal/ssh/client.go:139.3,139.13 1 0
mssh/internal/ssh/player.go:24.46,26.16 2 22
mssh/internal/ssh/player.go:26.16,28.3 1 1
mssh/internal/ssh/player.go:29.2,30.41 2 21
mssh/internal/ssh/player.go:30.41,33.3 2 8
mssh/internal/ssh/player.go:34.2,34.42 1 13
mssh/internal/ssh/player.go:34.42,37.3 2 2
mssh/internal/ssh/player.go:38.2,38.15 1 11
mssh/internal/ssh/player.go:43.49,45.68 2 21
mssh/internal/ssh/player.go:45.68,47.3 1 1
mssh/internal/ssh/player.go:48.2,48.26 1 20
mssh/internal/ssh/player.go:48.26,50.3 1 1
mssh/internal/ssh/player.go:51.2,52.70 2 19
mssh/internal/ssh/player.go:52.70,54.3 1 1
mssh/internal/ssh/player.go:55.2,55.36 1 18
mssh/internal/ssh/player.go:55.36,57.3 1 1
mssh/internal/ssh/player.go:58.2,59.67 2 17
mssh/internal/ssh/player.go:59.67,61.3 1 1
mssh/internal/ssh/player.go:62.2,62.67 1 16
mssh/internal/ssh/player.go:62.67,64.3 1 1
mssh/internal/ssh/player.go:65.2,66.74 2 15
mssh/internal/ssh/player.go:66.74,68.3 1 1
mssh/internal/ssh/player.go:69.2,70.21 2 14
mssh/internal/ssh/player.go:70.21,71.58 1 13
mssh/internal/ssh/player.go:71.58,73.4 1 1
mssh/internal/ssh/player.go:75.2,78.12 4 13
mssh/internal/ssh/player.go:81.50,82.6 1 13
mssh/internal/ssh/player.go:82.6,84.29 2 123
mssh/internal/ssh/player.go:84.29,86.4 1 11
mssh/internal/ssh/player.go:87.3,87.17 1 112
mssh/internal/ssh/player.go:87.17,89.4 1 2
mssh/internal/ssh/player.go:90.3,90.57 1 110
mssh/internal/ssh/player.go:94.71,97.16 3 123
mssh/internal/ssh/player.go:97.16,98.29 1 12
mssh/internal/ssh/player.go:98.29,100.4 1 11
mssh/internal/ssh/player.go:101.3,101.42 1 1
mssh/internal/ssh/player.go:101.42,103.4 1 1
mssh/internal/ssh/player.go:104.3,104.74 1 0
mssh/internal/ssh/player.go:106.2,110.17 5 111
mssh/internal/ssh/player.go:110.17,111.49 1 110
mssh/internal/ssh/player.go:111.49,113.4 1 1
mssh/internal/ssh/player.go:115.2,119.8 1 110
mssh/internal/ssh/player.go:122.61,124.2 1 3
mssh/internal/ssh/player.go:126.51,128.2 1 8
mssh/internal/ssh/player.go:130.32,132.2 1 11
mssh/internal/ssh/pty.go:20.86,22.16 2 8
mssh/internal/ssh/pty.go:22.16,24.3 1 1
mssh/internal/ssh/pty.go:25.2,30.72 2 7
mssh/internal/ssh/pty.go:30.72,33.3 2 1
mssh/internal/ssh/pty.go:34.2,35.16 2 6
mssh/internal/ssh/pty.go:35.16,38.3 2 0
mssh/internal/ssh/pty.go:39.2,40.16 2 6
mssh/internal/ssh/pty.go:40.16,43.3 2 0
mssh/internal/ssh/pty.go:44.2,44.40 1 6
mssh/internal/ssh/pty.go:44.40,47.3 2 1
mssh/internal/ssh/pty.go:48.2,50.18 3 5
mssh/internal/ssh/pty.go:53.44,55.6 2 5
mssh/internal/ssh/pty.go:55.6,57.12 2 10
mssh/internal/ssh/pty.go:57.12,63.17 6 5
mssh/internal/ssh/pty.go:63.17,65.5 1 1
mssh/internal/ssh/pty.go:67.3,67.17 1 10
mssh/internal/ssh/pty.go:67.17,69.4 1 5
mssh/internal/ssh/pty.go:73.55,77.2 3 1
mssh/internal/ssh/pty.go:79.54,80.20 1 2
mssh/internal/ssh/pty.go:80.20,82.3 1 1
mssh/internal/ssh/pty.go:83.2,83.28 1 1
mssh/internal/ssh/pty.go:86.51,88.2 1 1
mssh/internal/ssh/pty.go:90.36,91.24 1 6
mssh/internal/ssh/pty.go:91.24,91.43 1 5
mssh/internal/ssh/pty.go:92.2,92.26 1 6
mssh/internal/ssh/recorder.go:21.83,23.16 2 25
mssh/internal/ssh/recorder.go:23.16,25.3 1 1
mssh/internal/ssh/recorder.go:26.2,27.60 2 24
mssh/internal/ssh/recorder.go:27.60,31.3 3 0
mssh/internal/ssh/recorder.go:32.2,32.15 1 24
mssh/internal/ssh/recorder.go:35.71,36.79 1 24
mssh/internal/ssh/recorder.go:36.79,38.3 1 0
mssh/internal/ssh/recorder.go:39.2,39.79 1 24
mssh/internal/ssh/recorder.go:39.79,41.3 1 0
mssh/internal/ssh/recorder.go:42.2,42.80 1 24
mssh/internal/ssh/recorder.go:42.80,44.3 1 0
mssh/internal/ssh/recorder.go:45.2,45.80 1 24
mssh/internal/ssh/recorder.go:45.80,47.3 1 0
mssh/internal/ssh/recorder.go:48.2,49.90 2 24
mssh/internal/ssh/recorder.go:49.90,51.3 1 0
mssh/internal/ssh/recorder.go:52.2,52.24 1 24
mssh/internal/ssh/recorder.go:52.24,53.52 1 22
mssh/internal/ssh/recorder.go:53.52,55.4 1 0
mssh/internal/ssh/recorder.go:57.2,57.12 1 24
mssh/internal/ssh/recorder.go:60.67,69.2 8 124
mssh/internal/ssh/recorder.go:71.34,73.2 1 24
mssh/internal/ssh/sftp.go:22.56,24.16 2 26
mssh/internal/ssh/sftp.go:24.16,26.3 1 2
mssh/internal/ssh/sftp.go:27.2,27.20 1 24
mssh/internal/ssh/sftp.go:30.69,32.16 2 4
mssh/internal/ssh/sftp.go:32.16,34.3 1 1
mssh/internal/ssh/sftp.go:35.2,36.28 2 3
mssh/internal/ssh/sftp.go:36.28,44.3 1 3
mssh/internal/ssh/sftp.go:45.2,45.19 1 3
mssh/internal/ssh/sftp.go:48.84,50.16 2 5
mssh/internal/ssh/sftp.go:50.16,52.3 1 2
mssh/internal/ssh/sftp.go:53.2,56.42 3 3
mssh/internal/ssh/sftp.go:56.42,58.3 1 1
mssh/internal/ssh/sftp.go:60.2,61.16 2 3
mssh/internal/ssh/sftp.go:61.16,63.3 1 0
mssh/internal/ssh/sftp.go:64.2,68.16 4 3
mssh/internal/ssh/sftp.go:68.16,70.3 1 0
mssh/internal/ssh/sftp.go:71.2,71.12 1 3
mssh/internal/ssh/sftp.go:74.86,76.16 2 5
mssh/internal/ssh/sftp.go:76.16,78.3 1 1
mssh/internal/ssh/sftp.go:79.2,82.53 3 4
mssh/internal/ssh/sftp.go:82.53,84.3 1 1
mssh/internal/ssh/sftp.go:86.2,87.16 2 3
mssh/internal/ssh/sftp.go:87.16,89.3 1 0
mssh/internal/ssh/sftp.go:90.2,94.16 4 3
mssh/internal/ssh/sftp.go:94.16,96.3 1 0
mssh/internal/ssh/sftp.go:97.2,97.12 1 3
mssh/internal/ssh/sftp.go:100.57,101.44 1 2
mssh/internal/ssh/sftp.go:101.44,103.3 1 1
mssh/internal/ssh/sftp.go:104.2,104.12 1 1
mssh/internal/ssh/sftp.go:107.56,108.53 1 2
mssh/internal/ssh/sftp.go:108.53,110.3 1 1
mssh/internal/ssh/sftp.go:111.2,111.12 1 1
mssh/internal/ssh/sftp.go:114.52,115.46 1 3
mssh/internal/ssh/sftp.go:115.46,117.3 1 1
mssh/internal/ssh/sftp.go:118.2,118.12 1 2
mssh/internal/ssh/sftp.go:121.65,122.56 1 2
mssh/internal/ssh/sftp.go:122.56,124.3 1 1
mssh/internal/ssh/sftp.go:125.2,125.12 1 1
mssh/internal/ssh/sftp.go:133.56,136.26 3 13
mssh/internal/ssh/sftp.go:136.26,138.3 1 8
mssh/internal/ssh/sftp.go:139.2,139.15 1 13
mssh/internal/ssh/tunnel.go:20.92,21.18 1 4
mssh/internal/ssh/tunnel.go:22.25,26.17 4 1
mssh/internal/ssh/tunnel.go:26.17,28.4 1 0
mssh/internal/ssh/tunnel.go:29.3,29.27 1 1
mssh/internal/ssh/tunnel.go:30.26,34.17 4 1
mssh/internal/ssh/tunnel.go:34.17,36.4 1 0
mssh/internal/ssh/tunnel.go:37.3,37.27 1 1
mssh/internal/ssh/tunnel.go:38.27,41.17 3 1
mssh/internal/ssh/tunnel.go:41.17,43.4 1 0
mssh/internal/ssh/tunnel.go:44.3,44.27 1 1
mssh/internal/ssh/tunnel.go:45.10,46.67 1 1
mssh/internal/ssh/tunnel.go:50.95,52.16 2 4
mssh/internal/ssh/tunnel.go:52.16,54.3 1 0
mssh/internal/ssh/tunnel.go:55.2,55.12 1 4
mssh/internal/ssh/tunnel.go:55.12,56.7 1 4
mssh/internal/ssh/tunnel.go:56.7,58.18 2 8
mssh/internal/ssh/tunnel.go:58.18,60.5 1 4
mssh/internal/ssh/tunnel.go:61.4,61.14 1 4
mssh/internal/ssh/tunnel.go:61.14,64.19 3 4
mssh/internal/ssh/tunnel.go:64.19,66.6 1 1
mssh/internal/ssh/tunnel.go:67.5,67.36 1 3
mssh/internal/ssh/tunnel.go:71.2,71.16 1 4
mssh/internal/ssh/tunnel.go:74.96,76.16 2 4
mssh/internal/ssh/tunnel.go:76.16,78.3 1 1
mssh/internal/ssh/tunnel.go:79.2,79.12 1 3
mssh/internal/ssh/tunnel.go:79.12,80.7 1 3
mssh/internal/ssh/tunnel.go:80.7,82.18 2 6
mssh/internal/ssh/tunnel.go:82.18,84.5 1 3
mssh/internal/ssh/tunnel.go:85.4,85.14 1 3
mssh/internal/ssh/tunnel.go:85.14,88.19 3 3
mssh/internal/ssh/tunnel.go:88.19,90.6 1 1
mssh/internal/ssh/tunnel.go:91.5,91.35 1 2
mssh/internal/ssh/tunnel.go:95.2,95.16 1 3
mssh/internal/ssh/tunnel.go:98.85,100.16 2 10
mssh/internal/ssh/tunnel.go:100.16,102.3 1 0
mssh/internal/ssh/tunnel.go:103.2,103.12 1 10
mssh/internal/ssh/tunnel.go:103.12,104.7 1 10
mssh/internal/ssh/tunnel.go:104.7,106.18 2 20
mssh/internal/ssh/tunnel.go:106.18,108.5 1 10
mssh/internal/ssh/tunnel.go:109.4,109.29 1 10
mssh/internal/ssh/tunnel.go:112.2,112.16 1 10
mssh/internal/ssh/tunnel.go:115.39,118.12 3 8
mssh/internal/ssh/tunnel.go:118.12,122.3 3 8
mssh/internal/ssh/tunnel.go:123.2,123.12 1 8
mssh/internal/ssh/tunnel.go:123.12,127.3 3 8
mssh/internal/ssh/tunnel.go:128.2,128.11 1 8
mssh/internal/ssh/tunnel.go:131.53,137.43 4 10
mssh/internal/ssh/tunnel.go:137.43,139.3 1 3
mssh/internal/ssh/tunnel.go:140.2,143.16 4 7
mssh/internal/ssh/tunnel.go:143.16,145.3 1 0
mssh/internal/ssh/tunnel.go:147.2,148.61 2 7
mssh/internal/ssh/tunnel.go:148.61,150.3 1 1
mssh/internal/ssh/tunnel.go:152.2,153.16 2 6
mssh/internal/ssh/tunnel.go:154.12,156.17 2 3
mssh/internal/ssh/tunnel.go:156.17,158.4 1 0
mssh/internal/ssh/tunnel.go:159.3,159.99 1 3
mssh/internal/ssh/tunnel.go:160.12,162.17 2 1
mssh/internal/ssh/tunnel.go:162.17,164.4 1 0
mssh/internal/ssh/tunnel.go:165.3,167.17 3 1
mssh/internal/ssh/tunnel.go:167.17,169.4 1 0
mssh/internal/ssh/tunnel.go:170.3,170.101 1 1
mssh/internal/ssh/tunnel.go:171.12,173.17 2 1
mssh/internal/ssh/tunnel.go:173.17,175.4 1 0
mssh/internal/ssh/tunnel.go:176.3,177.75 2 1
mssh/internal/ssh/tunnel.go:178.10,180.9 2 1
mssh/internal/ssh/tunnel.go:183.2,184.16 2 5
mssh/internal/ssh/tunnel.go:184.16,187.3 2 2
mssh/internal/ssh/tunnel.go:188.2,191.16 3 3
mssh/internal/ssh/tunnel.go:191.16,193.3 1 0
mssh/internal/ssh/tunnel.go:195.2,195.33 1 3
